2017-02-25 12:48:08,223 [DubboMonitorTimer-thread-1] ERROR com.alibaba.dubbo.monitor.simple.SimpleMonitorService$2 (SimpleMonitorService.java:139) -  [DUBBO] Unexpected error occur at draw stat chart, cause: null, dubbo version: 2.5.3, current host: 192.168.0.111
java.lang.NullPointerException
	at com.alibaba.dubbo.monitor.simple.SimpleMonitorService.draw(SimpleMonitorService.java:231)
	at com.alibaba.dubbo.monitor.simple.SimpleMonitorService.access$300(SimpleMonitorService.java:64)
	at com.alibaba.dubbo.monitor.simple.SimpleMonitorService$2.run(SimpleMonitorService.java:137)
	at java.util.concurrent.Executors$RunnableAdapter.call(Executors.java:511)
	at java.util.concurrent.FutureTask.runAndReset(FutureTask.java:308)
	at java.util.concurrent.ScheduledThreadPoolExecutor$ScheduledFutureTask.access$301(ScheduledThreadPoolExecutor.java:180)
	at java.util.concurrent.ScheduledThreadPoolExecutor$ScheduledFutureTask.run(ScheduledThreadPoolExecutor.java:294)
	at java.util.concurrent.ThreadPoolExecutor.runWorker(ThreadPoolExecutor.java:1142)
	at java.util.concurrent.ThreadPoolExecutor$Worker.run(ThreadPoolExecutor.java:617)
	at java.lang.Thread.run(Thread.java:745)
2017-02-25 12:53:08,240 [DubboMonitorTimer-thread-1] ERROR com.alibaba.dubbo.monitor.simple.SimpleMonitorService$2 (SimpleMonitorService.java:139) -  [DUBBO] Unexpected error occur at draw stat chart, cause: null, dubbo version: 2.5.3, current host: 192.168.0.111
java.lang.NullPointerException
	at com.alibaba.dubbo.monitor.simple.SimpleMonitorService.draw(SimpleMonitorService.java:231)
	at com.alibaba.dubbo.monitor.simple.SimpleMonitorService.access$300(SimpleMonitorService.java:64)
	at com.alibaba.dubbo.monitor.simple.SimpleMonitorService$2.run(SimpleMonitorService.java:137)
	at java.util.concurrent.Executors$RunnableAdapter.call(Executors.java:511)
	at java.util.concurrent.FutureTask.runAndReset(FutureTask.java:308)
	at java.util.concurrent.ScheduledThreadPoolExecutor$ScheduledFutureTask.access$301(ScheduledThreadPoolExecutor.java:180)
	at java.util.concurrent.ScheduledThreadPoolExecutor$ScheduledFutureTask.run(ScheduledThreadPoolExecutor.java:294)
	at java.util.concurrent.ThreadPoolExecutor.runWorker(ThreadPoolExecutor.java:1142)
	at java.util.concurrent.ThreadPoolExecutor$Worker.run(ThreadPoolExecutor.java:617)
	at java.lang.Thread.run(Thread.java:745)
2017-02-25 12:58:08,248 [DubboMonitorTimer-thread-1] ERROR com.alibaba.dubbo.monitor.simple.SimpleMonitorService$2 (SimpleMonitorService.java:139) -  [DUBBO] Unexpected error occur at draw stat chart, cause: null, dubbo version: 2.5.3, current host: 192.168.0.111
java.lang.NullPointerException
	at com.alibaba.dubbo.monitor.simple.SimpleMonitorService.draw(SimpleMonitorService.java:231)
	at com.alibaba.dubbo.monitor.simple.SimpleMonitorService.access$300(SimpleMonitorService.java:64)
	at com.alibaba.dubbo.monitor.simple.SimpleMonitorService$2.run(SimpleMonitorService.java:137)
	at java.util.concurrent.Executors$RunnableAdapter.call(Executors.java:511)
	at java.util.concurrent.FutureTask.runAndReset(FutureTask.java:308)
	at java.util.concurrent.ScheduledThreadPoolExecutor$ScheduledFutureTask.access$301(ScheduledThreadPoolExecutor.java:180)
	at java.util.concurrent.ScheduledThreadPoolExecutor$ScheduledFutureTask.run(ScheduledThreadPoolExecutor.java:294)
	at java.util.concurrent.ThreadPoolExecutor.runWorker(ThreadPoolExecutor.java:1142)
	at java.util.concurrent.ThreadPoolExecutor$Worker.run(ThreadPoolExecutor.java:617)
	at java.lang.Thread.run(Thread.java:745)
2017-02-25 13:03:08,262 [DubboMonitorTimer-thread-1] ERROR com.alibaba.dubbo.monitor.simple.SimpleMonitorService$2 (SimpleMonitorService.java:139) -  [DUBBO] Unexpected error occur at draw stat chart, cause: null, dubbo version: 2.5.3, current host: 192.168.0.111
java.lang.NullPointerException
	at com.alibaba.dubbo.monitor.simple.SimpleMonitorService.draw(SimpleMonitorService.java:231)
	at com.alibaba.dubbo.monitor.simple.SimpleMonitorService.access$300(SimpleMonitorService.java:64)
	at com.alibaba.dubbo.monitor.simple.SimpleMonitorService$2.run(SimpleMonitorService.java:137)
	at java.util.concurrent.Executors$RunnableAdapter.call(Executors.java:511)
	at java.util.concurrent.FutureTask.runAndReset(FutureTask.java:308)
	at java.util.concurrent.ScheduledThreadPoolExecutor$ScheduledFutureTask.access$301(ScheduledThreadPoolExecutor.java:180)
	at java.util.concurrent.ScheduledThreadPoolExecutor$ScheduledFutureTask.run(ScheduledThreadPoolExecutor.java:294)
	at java.util.concurrent.ThreadPoolExecutor.runWorker(ThreadPoolExecutor.java:1142)
	at java.util.concurrent.ThreadPoolExecutor$Worker.run(ThreadPoolExecutor.java:617)
	at java.lang.Thread.run(Thread.java:745)
2017-02-25 13:08:08,278 [DubboMonitorTimer-thread-1] ERROR com.alibaba.dubbo.monitor.simple.SimpleMonitorService$2 (SimpleMonitorService.java:139) -  [DUBBO] Unexpected error occur at draw stat chart, cause: null, dubbo version: 2.5.3, current host: 192.168.0.111
java.lang.NullPointerException
	at com.alibaba.dubbo.monitor.simple.SimpleMonitorService.draw(SimpleMonitorService.java:231)
	at com.alibaba.dubbo.monitor.simple.SimpleMonitorService.access$300(SimpleMonitorService.java:64)
	at com.alibaba.dubbo.monitor.simple.SimpleMonitorService$2.run(SimpleMonitorService.java:137)
	at java.util.concurrent.Executors$RunnableAdapter.call(Executors.java:511)
	at java.util.concurrent.FutureTask.runAndReset(FutureTask.java:308)
	at java.util.concurrent.ScheduledThreadPoolExecutor$ScheduledFutureTask.access$301(ScheduledThreadPoolExecutor.java:180)
	at java.util.concurrent.ScheduledThreadPoolExecutor$ScheduledFutureTask.run(ScheduledThreadPoolExecutor.java:294)
	at java.util.concurrent.ThreadPoolExecutor.runWorker(ThreadPoolExecutor.java:1142)
	at java.util.concurrent.ThreadPoolExecutor$Worker.run(ThreadPoolExecutor.java:617)
	at java.lang.Thread.run(Thread.java:745)
2017-02-25 13:13:08,295 [DubboMonitorTimer-thread-1] ERROR com.alibaba.dubbo.monitor.simple.SimpleMonitorService$2 (SimpleMonitorService.java:139) -  [DUBBO] Unexpected error occur at draw stat chart, cause: null, dubbo version: 2.5.3, current host: 192.168.0.111
java.lang.NullPointerException
	at com.alibaba.dubbo.monitor.simple.SimpleMonitorService.draw(SimpleMonitorService.java:231)
	at com.alibaba.dubbo.monitor.simple.SimpleMonitorService.access$300(SimpleMonitorService.java:64)
	at com.alibaba.dubbo.monitor.simple.SimpleMonitorService$2.run(SimpleMonitorService.java:137)
	at java.util.concurrent.Executors$RunnableAdapter.call(Executors.java:511)
	at java.util.concurrent.FutureTask.runAndReset(FutureTask.java:308)
	at java.util.concurrent.ScheduledThreadPoolExecutor$ScheduledFutureTask.access$301(ScheduledThreadPoolExecutor.java:180)
	at java.util.concurrent.ScheduledThreadPoolExecutor$ScheduledFutureTask.run(ScheduledThreadPoolExecutor.java:294)
	at java.util.concurrent.ThreadPoolExecutor.runWorker(ThreadPoolExecutor.java:1142)
	at java.util.concurrent.ThreadPoolExecutor$Worker.run(ThreadPoolExecutor.java:617)
	at java.lang.Thread.run(Thread.java:745)
2017-02-25 13:18:08,313 [DubboMonitorTimer-thread-1] ERROR com.alibaba.dubbo.monitor.simple.SimpleMonitorService$2 (SimpleMonitorService.java:139) -  [DUBBO] Unexpected error occur at draw stat chart, cause: null, dubbo version: 2.5.3, current host: 192.168.0.111
java.lang.NullPointerException
	at com.alibaba.dubbo.monitor.simple.SimpleMonitorService.draw(SimpleMonitorService.java:231)
	at com.alibaba.dubbo.monitor.simple.SimpleMonitorService.access$300(SimpleMonitorService.java:64)
	at com.alibaba.dubbo.monitor.simple.SimpleMonitorService$2.run(SimpleMonitorService.java:137)
	at java.util.concurrent.Executors$RunnableAdapter.call(Executors.java:511)
	at java.util.concurrent.FutureTask.runAndReset(FutureTask.java:308)
	at java.util.concurrent.ScheduledThreadPoolExecutor$ScheduledFutureTask.access$301(ScheduledThreadPoolExecutor.java:180)
	at java.util.concurrent.ScheduledThreadPoolExecutor$ScheduledFutureTask.run(ScheduledThreadPoolExecutor.java:294)
	at java.util.concurrent.ThreadPoolExecutor.runWorker(ThreadPoolExecutor.java:1142)
	at java.util.concurrent.ThreadPoolExecutor$Worker.run(ThreadPoolExecutor.java:617)
	at java.lang.Thread.run(Thread.java:745)
2017-02-25 13:23:08,333 [DubboMonitorTimer-thread-1] ERROR com.alibaba.dubbo.monitor.simple.SimpleMonitorService$2 (SimpleMonitorService.java:139) -  [DUBBO] Unexpected error occur at draw stat chart, cause: null, dubbo version: 2.5.3, current host: 192.168.0.111
java.lang.NullPointerException
	at com.alibaba.dubbo.monitor.simple.SimpleMonitorService.draw(SimpleMonitorService.java:231)
	at com.alibaba.dubbo.monitor.simple.SimpleMonitorService.access$300(SimpleMonitorService.java:64)
	at com.alibaba.dubbo.monitor.simple.SimpleMonitorService$2.run(SimpleMonitorService.java:137)
	at java.util.concurrent.Executors$RunnableAdapter.call(Executors.java:511)
	at java.util.concurrent.FutureTask.runAndReset(FutureTask.java:308)
	at java.util.concurrent.ScheduledThreadPoolExecutor$ScheduledFutureTask.access$301(ScheduledThreadPoolExecutor.java:180)
	at java.util.concurrent.ScheduledThreadPoolExecutor$ScheduledFutureTask.run(ScheduledThreadPoolExecutor.java:294)
	at java.util.concurrent.ThreadPoolExecutor.runWorker(ThreadPoolExecutor.java:1142)
	at java.util.concurrent.ThreadPoolExecutor$Worker.run(ThreadPoolExecutor.java:617)
	at java.lang.Thread.run(Thread.java:745)
2017-02-25 13:27:01,453 [New I/O server worker #1-1] WARN  com.alibaba.dubbo.remoting.transport.AbstractServer (AbstractServer.java:197) -  [DUBBO] All clients has discontected from /192.168.0.111:7070. You can graceful shutdown now., dubbo version: 2.5.3, current host: 192.168.0.111
2017-02-25 13:28:08,349 [DubboMonitorTimer-thread-1] ERROR com.alibaba.dubbo.monitor.simple.SimpleMonitorService$2 (SimpleMonitorService.java:139) -  [DUBBO] Unexpected error occur at draw stat chart, cause: null, dubbo version: 2.5.3, current host: 192.168.0.111
java.lang.NullPointerException
	at com.alibaba.dubbo.monitor.simple.SimpleMonitorService.draw(SimpleMonitorService.java:231)
	at com.alibaba.dubbo.monitor.simple.SimpleMonitorService.access$300(SimpleMonitorService.java:64)
	at com.alibaba.dubbo.monitor.simple.SimpleMonitorService$2.run(SimpleMonitorService.java:137)
	at java.util.concurrent.Executors$RunnableAdapter.call(Executors.java:511)
	at java.util.concurrent.FutureTask.runAndReset(FutureTask.java:308)
	at java.util.concurrent.ScheduledThreadPoolExecutor$ScheduledFutureTask.access$301(ScheduledThreadPoolExecutor.java:180)
	at java.util.concurrent.ScheduledThreadPoolExecutor$ScheduledFutureTask.run(ScheduledThreadPoolExecutor.java:294)
	at java.util.concurrent.ThreadPoolExecutor.runWorker(ThreadPoolExecutor.java:1142)
	at java.util.concurrent.ThreadPoolExecutor$Worker.run(ThreadPoolExecutor.java:617)
	at java.lang.Thread.run(Thread.java:745)
2017-02-25 13:33:08,367 [DubboMonitorTimer-thread-1] ERROR com.alibaba.dubbo.monitor.simple.SimpleMonitorService$2 (SimpleMonitorService.java:139) -  [DUBBO] Unexpected error occur at draw stat chart, cause: null, dubbo version: 2.5.3, current host: 192.168.0.111
java.lang.NullPointerException
	at com.alibaba.dubbo.monitor.simple.SimpleMonitorService.draw(SimpleMonitorService.java:231)
	at com.alibaba.dubbo.monitor.simple.SimpleMonitorService.access$300(SimpleMonitorService.java:64)
	at com.alibaba.dubbo.monitor.simple.SimpleMonitorService$2.run(SimpleMonitorService.java:137)
	at java.util.concurrent.Executors$RunnableAdapter.call(Executors.java:511)
	at java.util.concurrent.FutureTask.runAndReset(FutureTask.java:308)
	at java.util.concurrent.ScheduledThreadPoolExecutor$ScheduledFutureTask.access$301(ScheduledThreadPoolExecutor.java:180)
	at java.util.concurrent.ScheduledThreadPoolExecutor$ScheduledFutureTask.run(ScheduledThreadPoolExecutor.java:294)
	at java.util.concurrent.ThreadPoolExecutor.runWorker(ThreadPoolExecutor.java:1142)
	at java.util.concurrent.ThreadPoolExecutor$Worker.run(ThreadPoolExecutor.java:617)
	at java.lang.Thread.run(Thread.java:745)
2017-02-25 13:34:22,533 [New I/O server worker #1-3] WARN  com.alibaba.dubbo.remoting.transport.AbstractServer (AbstractServer.java:197) -  [DUBBO] All clients has discontected from /192.168.0.111:7070. You can graceful shutdown now., dubbo version: 2.5.3, current host: 192.168.0.111
